2023-02-03 12:25:33,312 - root - INFO - Log file is ./sample.log.
2023-02-03 12:25:33,313 - root - INFO - -----train missing value-----
2023-02-03 12:25:33,325 - root - INFO - 
CryoSleep       217
ShoppingMall    208
VIP             203
HomePlanet      201
Name            200
Cabin           199
VRDeck          188
FoodCourt       183
Spa             183
Destination     182
RoomService     181
Age             179
PassengerId       0
Transported       0
dtype: int64
2023-02-03 12:25:33,326 - root - INFO - -----test missing value-----
2023-02-03 12:25:33,332 - root - INFO - 
FoodCourt       106
Spa             101
Cabin           100
ShoppingMall     98
Name             94
CryoSleep        93
VIP              93
Destination      92
Age              91
HomePlanet       87
RoomService      82
VRDeck           80
PassengerId       0
dtype: int64
2023-02-03 12:25:54,708 - root - INFO - Log file is ./sample.log.
2023-02-03 12:25:54,708 - root - INFO - -----train missing value-----
2023-02-03 12:25:54,720 - root - INFO - 
CryoSleep       217
ShoppingMall    208
VIP             203
HomePlanet      201
Name            200
Cabin           199
VRDeck          188
FoodCourt       183
Spa             183
Destination     182
RoomService     181
Age             179
PassengerId       0
Transported       0
dtype: int64
2023-02-03 12:25:54,721 - root - INFO - -----test missing value-----
2023-02-03 12:25:54,728 - root - INFO - 
FoodCourt       106
Spa             101
Cabin           100
ShoppingMall     98
Name             94
CryoSleep        93
VIP              93
Destination      92
Age              91
HomePlanet       87
RoomService      82
VRDeck           80
PassengerId       0
dtype: int64
2023-02-03 12:26:49,909 - root - INFO - Log file is ./sample.log.
2023-02-03 12:26:49,910 - root - INFO - -----train missing value-----
2023-02-03 12:26:49,920 - root - INFO - 
CryoSleep       217
ShoppingMall    208
VIP             203
HomePlanet      201
Name            200
Cabin           199
VRDeck          188
FoodCourt       183
Spa             183
Destination     182
RoomService     181
Age             179
PassengerId       0
Transported       0
dtype: int64
2023-02-03 12:26:49,921 - root - INFO - -----test missing value-----
2023-02-03 12:26:49,927 - root - INFO - 
FoodCourt       106
Spa             101
Cabin           100
ShoppingMall     98
Name             94
CryoSleep        93
VIP              93
Destination      92
Age              91
HomePlanet       87
RoomService      82
VRDeck           80
PassengerId       0
dtype: int64
2023-02-03 12:27:59,360 - root - INFO - Log file is ./sample.log.
2023-02-03 12:27:59,361 - root - INFO - -----train missing value-----
2023-02-03 12:27:59,371 - root - INFO - 
CryoSleep       217
ShoppingMall    208
VIP             203
HomePlanet      201
Name            200
Cabin           199
VRDeck          188
FoodCourt       183
Spa             183
Destination     182
RoomService     181
Age             179
PassengerId       0
Transported       0
dtype: int64
2023-02-03 12:27:59,372 - root - INFO - -----test missing value-----
2023-02-03 12:27:59,377 - root - INFO - 
FoodCourt       106
Spa             101
Cabin           100
ShoppingMall     98
Name             94
CryoSleep        93
VIP              93
Destination      92
Age              91
HomePlanet       87
RoomService      82
VRDeck           80
PassengerId       0
dtype: int64
2023-02-03 12:28:38,512 - root - INFO - Log file is ./sample.log.
2023-02-03 12:28:38,513 - root - INFO - -----train missing value-----
2023-02-03 12:28:38,525 - root - INFO - 
CryoSleep       217
ShoppingMall    208
VIP             203
HomePlanet      201
Name            200
Cabin           199
VRDeck          188
FoodCourt       183
Spa             183
Destination     182
RoomService     181
Age             179
PassengerId       0
Transported       0
dtype: int64
2023-02-03 12:28:38,526 - root - INFO - -----test missing value-----
2023-02-03 12:28:38,537 - root - INFO - 
FoodCourt       106
Spa             101
Cabin           100
ShoppingMall     98
Name             94
CryoSleep        93
VIP              93
Destination      92
Age              91
HomePlanet       87
RoomService      82
VRDeck           80
PassengerId       0
dtype: int64
